<?xml version="1.0" encoding="UTF-8"?>
<!-- Generated by org.testng.reporters.JUnitReportReporter -->
<testsuite hostname="LAPTOP-52I7TULL" failures="0" tests="1" name="Meineke.SeleniumTraining.DominosTest" time="34.068" errors="0" timestamp="2021-12-25T14:19:57 EST" skipped="0">
  <testcase classname="Meineke.SeleniumTraining.DominosTest" name="f" time="34.068"/>
  <system-out/>
</testsuite> <!-- Meineke.SeleniumTraining.DominosTest -->
