<?xml version="1.0" encoding="UTF-8"?>
<!-- Generated by org.testng.reporters.JUnitReportReporter -->
<testsuite hostname="LAPTOP-52I7TULL" failures="0" tests="1" name="Meineke.SeleniumTraining.Property" time="12.424" errors="0" timestamp="2022-01-03T14:58:17 EST" skipped="0">
  <testcase classname="Meineke.SeleniumTraining.Property" name="f" time="12.424"/>
  <system-out/>
</testsuite> <!-- Meineke.SeleniumTraining.Property -->
