<?xml version="1.0" encoding="UTF-8"?>
<!-- Generated by org.testng.reporters.JUnitReportReporter -->
<testsuite hostname="LAPTOP-52I7TULL" failures="0" tests="4" name="Meineke.SeleniumTraining.FacebookLogin" time="66.189" errors="0" timestamp="2021-12-25T14:49:47 EST" skipped="0">
  <testcase classname="Meineke.SeleniumTraining.FacebookLogin" name="f" time="16.851"/>
  <system-out/>
  <testcase classname="Meineke.SeleniumTraining.FacebookLogin" name="f" time="18.884"/>
  <system-out/>
  <testcase classname="Meineke.SeleniumTraining.FacebookLogin" name="d" time="14.042"/>
  <system-out/>
  <testcase classname="Meineke.SeleniumTraining.FacebookLogin" name="d" time="16.412"/>
  <system-out/>
</testsuite> <!-- Meineke.SeleniumTraining.FacebookLogin -->
