<?xml version="1.0" encoding="UTF-8"?>
<!-- Generated by org.testng.reporters.JUnitReportReporter -->
<testsuite hostname="LAPTOP-52I7TULL" failures="0" tests="2" name="Meineke.SeleniumTraining.Points" time="36.478" errors="0" timestamp="2022-01-03T14:49:47 EST" skipped="0">
  <testcase classname="Meineke.SeleniumTraining.Points" name="f" time="20.277"/>
  <system-out/>
  <testcase classname="Meineke.SeleniumTraining.Points" name="f" time="16.201"/>
  <system-out/>
</testsuite> <!-- Meineke.SeleniumTraining.Points -->
