<?xml version="1.0" encoding="UTF-8"?>
<!-- Generated by org.testng.reporters.JUnitReportReporter -->
<testsuite hostname="LAPTOP-52I7TULL" failures="0" tests="1" name="Meineke.SeleniumTraining.TestNGofAnnotations" time="0.004" errors="0" timestamp="2021-12-15T16:43:47 EST" skipped="0">
  <testcase classname="Meineke.SeleniumTraining.TestNGofAnnotations" name="f" time="0.004"/>
  <system-out/>
</testsuite> <!-- Meineke.SeleniumTraining.TestNGofAnnotations -->
