<?xml version="1.0" encoding="UTF-8"?>
<!-- Generated by org.testng.reporters.JUnitReportReporter -->
<testsuite hostname="LAPTOP-52I7TULL" failures="0" tests="1" name="Meineke.SeleniumTraining.SigninAmazon" time="12.817" errors="0" timestamp="2021-12-16T20:13:40 EST" skipped="0">
  <testcase classname="Meineke.SeleniumTraining.SigninAmazon" name="f" time="12.817"/>
  <system-out/>
</testsuite> <!-- Meineke.SeleniumTraining.SigninAmazon -->
